Build started 2017/9/29 11:27:17.
     1>Project "D:\bishi\test\wanmeitest\wanmeitest\wanmeitest.vcxproj" on node 2 (Rebuild target(s)).
     1>ClCompile:
         D:\Program Files\Microsoft Visual Studio 11.0\VC\bin\CL.exe /c /ZI /nologo /W3 /WX- /Od /Oy- /D WIN32 /D _DEBUG /D _CONSOLE /D _UNICODE /D UNICODE /Gm /EHsc /RTC1 /MDd /GS /fp:precise /Zc:wchar_t /Zc:forScope /Fo"Debug\\" /Fd"Debug\vc110.pdb" /Gd /TP /analyze- /errorReport:prompt fork.cpp
         fork.cpp
     1>d:\bishi\test\wanmeitest\wanmeitest\fork.cpp(12): error C3861: 'fork': identifier not found
     1>Done Building Project "D:\bishi\test\wanmeitest\wanmeitest\wanmeitest.vcxproj" (Rebuild target(s)) -- FAILED.

Build FAILED.

Time Elapsed 00:00:01.51
